0.000000  0.000000  0.000000  0.000000
0.020000  0.000960  0.096000  4.800000
0.040000  0.003840  0.192000  4.800000
0.060000  0.008640  0.288000  4.800000
0.080000  0.015360  0.384000  4.800000
0.100000  0.024000  0.480000  4.800000
0.120000  0.034560  0.576000  4.800000
0.140000  0.047040  0.672000  4.800000
0.160000  0.061440  0.768000  4.800000
0.180000  0.077760  0.864000  4.800000
0.200000  0.096000  0.960000  4.800000
0.220000  0.116160  1.056000  4.800000
0.240000  0.138240  1.152000  4.800000
0.260000  0.161760  1.152000  -4.800000
0.280000  0.183840  1.056000  -4.800000
0.300000  0.204000  0.960000  -4.800000
0.320000  0.222240  0.864000  -4.800000
0.340000  0.238560  0.768000  -4.800000
0.360000  0.252960  0.672000  -4.800000
0.380000  0.265440  0.576000  -4.800000
0.400000  0.276000  0.480000  -4.800000
0.420000  0.284640  0.384000  -4.800000
0.440000  0.291360  0.288000  -4.800000
0.460000  0.296160  0.192000  -4.800000
0.480000  0.299040  0.096000  -4.800000
0.500000  0.300000  0.000000  0.000000
0.520000  0.300000  0.000000  0.000000
0.540000  0.300000  0.000000  0.000000
0.560000  0.300000  0.000000  0.000000
0.580000  0.300000  0.000000  0.000000
0.600000  0.300000  0.000000  0.000000
0.620000  0.300000  0.000000  0.000000
0.640000  0.300000  0.000000  0.000000
0.660000  0.300000  0.000000  0.000000
0.680000  0.300000  0.000000  0.000000
0.700000  0.300000  0.000000  0.000000
0.720000  0.300000  0.000000  0.000000
0.740000  0.300000  0.000000  0.000000
0.760000  0.300000  0.000000  0.000000
0.780000  0.300000  0.000000  0.000000
0.800000  0.300000  0.000000  0.000000
0.820000  0.300000  0.000000  0.000000
0.840000  0.300000  0.000000  0.000000
0.860000  0.300000  0.000000  0.000000
0.880000  0.300000  0.000000  0.000000
0.900000  0.300000  0.000000  0.000000
0.920000  0.299471  -0.052910  -2.645503
0.940000  0.297884  -0.105820  -2.645503
0.960000  0.295238  -0.158730  -2.645503
0.980000  0.291534  -0.211640  -2.645503
1.000000  0.286772  -0.264550  -2.645503
1.020000  0.280952  -0.317460  -2.645503
1.040000  0.274074  -0.370370  -2.645503
1.060000  0.266138  -0.423280  -2.645503
1.080000  0.257143  -0.476190  0.000000
1.100000  0.247619  -0.476190  0.000000
1.120000  0.238095  -0.476190  0.000000
1.140000  0.228571  -0.476190  0.000000
1.160000  0.219048  -0.476190  0.000000
1.180000  0.209524  -0.476190  0.000000
1.200000  0.200000  -0.476190  0.000000
1.220000  0.190476  -0.476190  0.000000
1.240000  0.180952  -0.476190  0.000000
1.260000  0.171429  -0.476190  0.000000
1.280000  0.161905  -0.476190  0.000000
1.300000  0.152381  -0.476190  0.000000
1.320000  0.142857  -0.476190  2.645503
1.340000  0.133862  -0.423280  2.645503
1.360000  0.125926  -0.370370  2.645503
1.380000  0.119048  -0.317460  2.645503
1.400000  0.113228  -0.264550  2.645503
1.420000  0.108466  -0.211640  2.645503
1.440000  0.104762  -0.158730  2.645503
1.460000  0.102116  -0.105820  2.645503
1.480000  0.100529  -0.052910  2.645503
1.500000  0.000000  0.000000  0.000000
1.520000  0.000000  0.000000  0.000000
1.540000  0.000000  0.000000  0.000000
1.560000  0.000000  0.000000  0.000000
1.580000  0.000000  0.000000  0.000000
1.600000  0.000000  0.000000  0.000000
1.620000  0.000000  0.000000  0.000000
1.640000  0.000000  0.000000  0.000000
1.660000  0.000000  0.000000  0.000000
1.680000  0.000000  0.000000  0.000000
1.700000  0.000000  0.000000  0.000000
1.720000  0.000000  0.000000  0.000000
1.740000  0.000000  0.000000  0.000000
1.760000  0.000000  0.000000  0.000000
1.780000  0.000000  0.000000  0.000000
1.800000  0.000000  0.000000  0.000000
1.820000  0.000000  0.000000  0.000000
1.840000  0.000000  0.000000  0.000000
1.860000  0.000000  0.000000  0.000000
1.880000  0.000000  0.000000  0.000000
1.900000  0.000000  0.000000  0.000000
1.920000  0.000000  0.000000  0.000000
1.940000  0.000000  0.000000  0.000000
1.960000  0.000000  0.000000  0.000000
1.980000  0.000000  0.000000  0.000000
2.000000  0.000000  0.000000  0.000000
