0.000000  0.000000  18.849556  -0.000000
0.020000  0.374763  18.515678  -33.288830
0.040000  0.736249  17.525874  -65.398387
0.060000  1.071654  15.915206  -95.191173
0.080000  1.369094  13.740735  -121.611764
0.100000  1.618034  11.079491  -143.724198
0.120000  1.809654  8.025751  -160.745131
0.140000  1.937166  4.687694  -172.071587
0.160000  1.996053  1.183573  -177.302322
0.180000  1.984229  -2.362476  -176.252033
0.200000  1.902113  -5.824833  -168.957928
0.220000  1.752613  -9.080843  -155.678405
0.240000  1.541026  -12.015159  -136.883896
0.260000  1.274848  -14.523832  -113.240207
0.280000  0.963507  -16.517992  -85.584927
0.300000  0.618034  -17.926993  -54.897759
0.320000  0.250666  -18.700922  -22.265810
0.340000  -0.125581  -18.812361  11.154917
0.360000  -0.497380  -18.257362  44.180474
0.380000  -0.851559  -17.055588  75.640917
0.400000  -1.175571  -15.249611  104.421742
0.420000  -1.457937  -12.903409  129.503376
0.440000  -1.688656  -10.100097  149.997287
0.460000  -1.859553  -6.938984  165.177470
0.480000  -1.964575  -3.532055  174.506158
0.500000  -2.000000  -0.000000  177.652879
0.520000  -1.964575  3.532055  174.506158
0.540000  -1.859553  6.938984  165.177470
0.560000  -1.688656  10.100097  149.997287
0.580000  -1.457937  12.903409  129.503376
0.600000  -1.175571  15.249611  104.421742
0.620000  -0.851559  17.055588  75.640917
0.640000  -0.497380  18.257362  44.180474
0.660000  -0.125581  18.812361  11.154917
0.680000  0.250666  18.700922  -22.265810
0.700000  0.618034  17.926993  -54.897759
0.720000  0.963507  16.517992  -85.584927
0.740000  1.274848  14.523832  -113.240207
0.760000  1.541026  12.015159  -136.883896
0.780000  1.752613  9.080843  -155.678405
0.800000  1.902113  5.824833  -168.957928
0.820000  1.984229  2.362476  -176.252033
0.840000  1.996053  -1.183573  -177.302322
0.860000  1.937166  -4.687694  -172.071587
0.880000  1.809654  -8.025751  -160.745131
0.900000  1.618034  -11.079491  -143.724198
0.920000  1.369094  -13.740735  -121.611764
0.940000  1.071654  -15.915206  -95.191173
0.960000  0.736249  -17.525874  -65.398387
0.980000  0.374763  -18.515678  -33.288830
1.000000  0.000000  -18.849556  -0.000000
1.020000  -0.374763  -18.515678  33.288830
1.040000  -0.736249  -17.525874  65.398387
1.060000  -1.071654  -15.915206  95.191173
1.080000  -1.369094  -13.740735  121.611764
1.100000  -1.618034  -11.079491  143.724198
1.120000  -1.809654  -8.025751  160.745131
1.140000  -1.937166  -4.687694  172.071587
1.160000  -1.996053  -1.183573  177.302322
1.180000  -1.984229  2.362476  176.252033
1.200000  -1.902113  5.824833  168.957928
1.220000  -1.752613  9.080843  155.678405
1.240000  -1.541026  12.015159  136.883896
1.260000  -1.274848  14.523832  113.240207
1.280000  -0.963507  16.517992  85.584927
1.300000  -0.618034  17.926993  54.897759
1.320000  -0.250666  18.700922  22.265810
1.340000  0.125581  18.812361  -11.154917
1.360000  0.497380  18.257362  -44.180474
1.380000  0.851559  17.055588  -75.640917
1.400000  1.175571  15.249611  -104.421742
1.420000  1.457937  12.903409  -129.503376
1.440000  1.688656  10.100097  -149.997287
1.460000  1.859553  6.938984  -165.177470
1.480000  1.964575  3.532055  -174.506158
1.500000  2.000000  0.000000  -177.652879
1.520000  1.964575  -3.532055  -174.506158
1.540000  1.859553  -6.938984  -165.177470
1.560000  1.688656  -10.100097  -149.997287
1.580000  1.457937  -12.903409  -129.503376
1.600000  1.175571  -15.249611  -104.421742
1.620000  0.851559  -17.055588  -75.640917
1.640000  0.497380  -18.257362  -44.180474
1.660000  0.125581  -18.812361  -11.154917
1.680000  -0.250666  -18.700922  22.265810
1.700000  -0.618034  -17.926993  54.897759
1.720000  -0.963507  -16.517992  85.584927
1.740000  -1.274848  -14.523832  113.240207
1.760000  -1.541026  -12.015159  136.883896
1.780000  -1.752613  -9.080843  155.678405
1.800000  -1.902113  -5.824833  168.957928
1.820000  -1.984229  -2.362476  176.252033
1.840000  -1.996053  1.183573  177.302322
1.860000  -1.937166  4.687694  172.071587
1.880000  -1.809654  8.025751  160.745131
1.900000  -1.618034  11.079491  143.724198
1.920000  -1.369094  13.740735  121.611764
1.940000  -1.071654  15.915206  95.191173
1.960000  -0.736249  17.525874  65.398387
1.980000  -0.374763  18.515678  33.288830
2.000000  -0.000000  18.849556  0.000000
